auth/auth-impl/build/intermediates/manifest_merge_blame_file/debug/processDebugMainManifest/manifest-merger-blame-debug-report.txt
1<?xml version="1.0" encoding="utf-8"?>
2<manifest xmlns:android="http://schemas.android.com/apk/res/android"
3    package="com.aram.mehrabyan.authimpl"
4    android:versionCode="1"
5    android:versionName="1.0" >
6
7    <uses-sdk
8        android:minSdkVersion="24"
9        android:targetSdkVersion="34" />
10
11    <permission
11-->[androidx.core:core:1.13.0] AndroidManifest.xml:22:5-24:47
12        android:name="com.aram.mehrabyan.authimpl.DYNAMIC_RECEIVER_NOT_EXPORTED_PERMISSION"
12-->[androidx.core:core:1.13.0] AndroidManifest.xml:23:9-81
13        android:protectionLevel="signature" />
13-->[androidx.core:core:1.13.0] AndroidManifest.xml:24:9-44
14
15    <uses-permission android:name="com.aram.mehrabyan.authimpl.DYNAMIC_RECEIVER_NOT_EXPORTED_PERMISSION" />
15-->[androidx.core:core:1.13.0] AndroidManifest.xml:26:5-97
15-->[androidx.core:core:1.13.0] AndroidManifest.xml:26:22-94
16
17    <application
17-->src/main/AndroidManifest.xml:3:5-5:19
18        android:appComponentFactory="androidx.core.app.CoreComponentFactory"
18-->[androidx.core:core:1.13.0] AndroidManifest.xml:28:18-86
19        android:debuggable="true"
20        android:extractNativeLibs="false"
21        android:testOnly="true" >
22        <activity android:name="com.aram.mehrabyan.authimpl.AuthenticationActivity" />
22-->src/main/AndroidManifest.xml:4:9-86
22-->src/main/AndroidManifest.xml:4:19-84
23
24        <provider
24-->[androidx.emoji2:emoji2:1.3.0] AndroidManifest.xml:24:9-32:20
25            android:name="androidx.startup.InitializationProvider"
25-->[androidx.emoji2:emoji2:1.3.0] AndroidManifest.xml:25:13-67
26            android:authorities="com.aram.mehrabyan.authimpl.androidx-startup"
26-->[androidx.emoji2:emoji2:1.3.0] AndroidManifest.xml:26:13-68
27            android:exported="false" >
27-->[androidx.emoji2:emoji2:1.3.0] AndroidManifest.xml:27:13-37
28            <meta-data
28-->[androidx.emoji2:emoji2:1.3.0] AndroidManifest.xml:29:13-31:52
29                android:name="androidx.emoji2.text.EmojiCompatInitializer"
29-->[androidx.emoji2:emoji2:1.3.0] AndroidManifest.xml:30:17-75
30                android:value="androidx.startup" />
30-->[androidx.emoji2:emoji2:1.3.0] AndroidManifest.xml:31:17-49
31            <meta-data
31-->[androidx.lifecycle:lifecycle-process:2.8.5] AndroidManifest.xml:29:13-31:52
32                android:name="androidx.lifecycle.ProcessLifecycleInitializer"
32-->[androidx.lifecycle:lifecycle-process:2.8.5] AndroidManifest.xml:30:17-78
33                android:value="androidx.startup" />
33-->[androidx.lifecycle:lifecycle-process:2.8.5] AndroidManifest.xml:31:17-49
34            <meta-data
34-->[androidx.profileinstaller:profileinstaller:1.3.1] AndroidManifest.xml:29:13-31:52
35                android:name="androidx.profileinstaller.ProfileInstallerInitializer"
35-->[androidx.profileinstaller:profileinstaller:1.3.1] AndroidManifest.xml:30:17-85
36                android:value="androidx.startup" />
36-->[androidx.profileinstaller:profileinstaller:1.3.1] AndroidManifest.xml:31:17-49
37        </provider>
38
39        <receiver
39-->[androidx.profileinstaller:profileinstaller:1.3.1] AndroidManifest.xml:34:9-52:20
40            android:name="androidx.profileinstaller.ProfileInstallReceiver"
40-->[androidx.profileinstaller:profileinstaller:1.3.1] AndroidManifest.xml:35:13-76
41            android:directBootAware="false"
41-->[androidx.profileinstaller:profileinstaller:1.3.1] AndroidManifest.xml:36:13-44
42            android:enabled="true"
42-->[androidx.profileinstaller:profileinstaller:1.3.1] AndroidManifest.xml:37:13-35
43            android:exported="true"
43-->[androidx.profileinstaller:profileinstaller:1.3.1] AndroidManifest.xml:38:13-36
44            android:permission="android.permission.DUMP" >
44-->[androidx.profileinstaller:profileinstaller:1.3.1] AndroidManifest.xml:39:13-57
45            <intent-filter>
45-->[androidx.profileinstaller:profileinstaller:1.3.1] AndroidManifest.xml:40:13-42:29
46                <action android:name="androidx.profileinstaller.action.INSTALL_PROFILE" />
46-->[androidx.profileinstaller:profileinstaller:1.3.1] AndroidManifest.xml:41:17-91
46-->[androidx.profileinstaller:profileinstaller:1.3.1] AndroidManifest.xml:41:25-88
47            </intent-filter>
48            <intent-filter>
48-->[androidx.profileinstaller:profileinstaller:1.3.1] AndroidManifest.xml:43:13-45:29
49                <action android:name="androidx.profileinstaller.action.SKIP_FILE" />
49-->[androidx.profileinstaller:profileinstaller:1.3.1] AndroidManifest.xml:44:17-85
49-->[androidx.profileinstaller:profileinstaller:1.3.1] AndroidManifest.xml:44:25-82
50            </intent-filter>
51            <intent-filter>
51-->[androidx.profileinstaller:profileinstaller:1.3.1] AndroidManifest.xml:46:13-48:29
52                <action android:name="androidx.profileinstaller.action.SAVE_PROFILE" />
52-->[androidx.profileinstaller:profileinstaller:1.3.1] AndroidManifest.xml:47:17-88
52-->[androidx.profileinstaller:profileinstaller:1.3.1] AndroidManifest.xml:47:25-85
53            </intent-filter>
54            <intent-filter>
54-->[androidx.profileinstaller:profileinstaller:1.3.1] AndroidManifest.xml:49:13-51:29
55                <action android:name="androidx.profileinstaller.action.BENCHMARK_OPERATION" />
55-->[androidx.profileinstaller:profileinstaller:1.3.1] AndroidManifest.xml:50:17-95
55-->[androidx.profileinstaller:profileinstaller:1.3.1] AndroidManifest.xml:50:25-92
56            </intent-filter>
57        </receiver>
58    </application>
59
60</manifest>